<?xml version="1.0" encoding="UTF-8"?>
<!-- Generated by org.testng.reporters.JUnitReportReporter -->
<testsuite hostname="DESKTOP-URS4PTS" failures="0" tests="1" name="ninzaCRM.QuoteTests.CreateQuoteWithContactOppProductTest" time="141.697" errors="0" timestamp="2025-06-27T19:27:22 IST" skipped="0">
  <testcase classname="ninzaCRM.QuoteTests.CreateQuoteWithContactOppProductTest" name="createQuote" time="141.697"/>
</testsuite> <!-- ninzaCRM.QuoteTests.CreateQuoteWithContactOppProductTest -->
