<?xml version="1.0" encoding="UTF-8"?>
<!-- Generated by org.testng.reporters.JUnitReportReporter -->
<testsuite hostname="DESKTOP-URS4PTS" failures="0" tests="1" name="ninzaCRM.LeadsTests.CreateLeadWithCampaignTest" time="44.910" errors="0" timestamp="2025-06-17T20:53:52 IST" skipped="0">
  <testcase classname="ninzaCRM.LeadsTests.CreateLeadWithCampaignTest" name="tc_01_createLeadWithCampaign" time="44.910"/>
</testsuite> <!-- ninzaCRM.LeadsTests.CreateLeadWithCampaignTest -->
