<?xml version="1.0" encoding="UTF-8"?>
<!-- Generated by org.testng.reporters.JUnitReportReporter -->
<testsuite hostname="DESKTOP-URS4PTS" failures="0" tests="1" name="ninzaCRM.PurchaseOrderTests.CreatePurchaseOrderWithContactProductTest" time="83.862" errors="0" timestamp="2025-06-23T19:20:41 IST" skipped="0">
  <testcase classname="ninzaCRM.PurchaseOrderTests.CreatePurchaseOrderWithContactProductTest" name="CreatePurchaseOrder" time="83.862"/>
</testsuite> <!-- ninzaCRM.PurchaseOrderTests.CreatePurchaseOrderWithContactProductTest -->
