<?xml version="1.0" encoding="UTF-8"?>
<!-- Generated by org.testng.reporters.JUnitReportReporter -->
<testsuite hostname="DESKTOP-URS4PTS" failures="0" tests="1" name="ninzaCRM.QuoteTests.CreateQuoteWithContactOppProductTest" time="132.686" errors="0" timestamp="2025-06-23T20:46:33 IST" skipped="0">
  <testcase classname="ninzaCRM.QuoteTests.CreateQuoteWithContactOppProductTest" name="createQuote" time="132.686"/>
</testsuite> <!-- ninzaCRM.QuoteTests.CreateQuoteWithContactOppProductTest -->
