<?xml version="1.0" encoding="UTF-8"?>
<!-- Generated by org.testng.reporters.JUnitReportReporter -->
<testsuite hostname="DESKTOP-URS4PTS" failures="0" tests="1" name="ninzaCRM.ContactTests.CreateContactsWithCampaignTest" time="36.266" errors="0" timestamp="2025-06-26T21:02:19 IST" skipped="0">
  <testcase classname="ninzaCRM.ContactTests.CreateContactsWithCampaignTest" name="createContactsWithCampaign" time="36.266"/>
</testsuite> <!-- ninzaCRM.ContactTests.CreateContactsWithCampaignTest -->
