<?xml version="1.0" encoding="UTF-8"?>
<!-- Generated by org.testng.reporters.JUnitReportReporter -->
<testsuite hostname="DESKTOP-URS4PTS" failures="0" tests="1" name="ninzaCRM.LeadsTests.CreatePurchaseOrderWithContactProductTest" time="81.109" errors="0" timestamp="2025-06-21T16:20:50 IST" skipped="0">
  <testcase classname="ninzaCRM.LeadsTests.CreatePurchaseOrderWithContactProductTest" name="CreatePurchaseOrder" time="81.109"/>
</testsuite> <!-- ninzaCRM.LeadsTests.CreatePurchaseOrderWithContactProductTest -->
