<?xml version="1.0" encoding="UTF-8"?>
<!-- Generated by org.testng.reporters.JUnitReportReporter -->
<testsuite hostname="DESKTOP-URS4PTS" failures="0" tests="1" name="ninzaCRM.LeadsTests.CreateOpportunityTest" time="50.910" errors="0" timestamp="2025-06-20T10:42:57 IST" skipped="0">
  <testcase classname="ninzaCRM.LeadsTests.CreateOpportunityTest" name="createOpportunity" time="50.910"/>
</testsuite> <!-- ninzaCRM.LeadsTests.CreateOpportunityTest -->
