<?xml version="1.0" encoding="UTF-8"?>
<!-- Generated by org.testng.reporters.JUnitReportReporter -->
<testsuite hostname="DESKTOP-URS4PTS" failures="0" tests="1" name="ninzaCRM.LeadsTests.CreateContactsWithCampaignTest" time="34.711" errors="0" timestamp="2025-06-21T15:30:46 IST" skipped="0">
  <testcase classname="ninzaCRM.LeadsTests.CreateContactsWithCampaignTest" name="createContactsWithCampaign" time="34.711"/>
</testsuite> <!-- ninzaCRM.LeadsTests.CreateContactsWithCampaignTest -->
