<?xml version="1.0" encoding="UTF-8"?>
<!-- Generated by org.testng.reporters.JUnitReportReporter -->
<testsuite hostname="DESKTOP-URS4PTS" failures="0" tests="1" name="ninzaCRM.LeadsTests.CreateOpportunityWithCampaignLeadTest" time="63.549" errors="0" timestamp="2025-06-20T20:02:13 IST" skipped="0">
  <testcase classname="ninzaCRM.LeadsTests.CreateOpportunityWithCampaignLeadTest" name="createOppWithCampaignLead" time="63.549"/>
</testsuite> <!-- ninzaCRM.LeadsTests.CreateOpportunityWithCampaignLeadTest -->
