<?xml version="1.0" encoding="UTF-8"?>
<!-- Generated by org.testng.reporters.JUnitReportReporter -->
<testsuite hostname="DESKTOP-URS4PTS" failures="0" tests="1" name="ninzaCRM.LeadsTests.CreateProductTest" time="21.716" errors="0" timestamp="2025-06-20T19:14:13 IST" skipped="0">
  <testcase classname="ninzaCRM.LeadsTests.CreateProductTest" name="createProduct" time="21.716"/>
</testsuite> <!-- ninzaCRM.LeadsTests.CreateProductTest -->
