<?xml version="1.0" encoding="UTF-8"?>
<!-- Generated by org.testng.reporters.JUnitReportReporter -->
<testsuite hostname="DESKTOP-URS4PTS" failures="0" tests="1" name="ninzaCRM.LeadsTests.CreatePurchaseOrderWithProductTest" time="47.763" errors="0" timestamp="2025-06-21T13:28:42 IST" skipped="0">
  <testcase classname="ninzaCRM.LeadsTests.CreatePurchaseOrderWithProductTest" name="CreatePurchaseOrder" time="47.763"/>
</testsuite> <!-- ninzaCRM.LeadsTests.CreatePurchaseOrderWithProductTest -->
