<?xml version="1.0" encoding="UTF-8"?>
<!-- Generated by org.testng.reporters.JUnitReportReporter -->
<testsuite hostname="DESKTOP-URS4PTS" failures="0" tests="1" name="ninzaCRM.LeadsTests.CreateLeadTest" time="36.737" errors="0" timestamp="2025-06-19T20:04:05 IST" skipped="0">
  <testcase classname="ninzaCRM.LeadsTests.CreateLeadTest" name="createLead" time="36.737"/>
</testsuite> <!-- ninzaCRM.LeadsTests.CreateLeadTest -->
